#
# There is insufficient memory for the Java Runtime Environment to continue.
# Native memory allocation (malloc) failed to allocate 10944512 bytes for committing reserved memory.
# Possible reasons:
#   The system is out of physical RAM or swap space
#   In 32 bit mode, the process size limit was hit
# Possible solutions:
#   Reduce memory load on the system
#   Increase physical memory or swap space
#   Check if swap backing store is full
#   Use 64 bit Java on a 64 bit OS
#   Decrease Java heap size (-Xmx/-Xms)
#   Decrease number of Java threads
#   Decrease Java thread stack sizes (-Xss)
#   Set larger code cache with -XX:ReservedCodeCacheSize=
# This output file may be truncated or incomplete.
#
#  Out of Memory Error (os_linux.cpp:2769), pid=2093, tid=140719432828672
#
# JRE version:  (7.0_51-b31) (build )
# Java VM: OpenJDK 64-Bit Server VM (24.51-b03 mixed mode linux-amd64 compressed oops)
# Failed to write core dump. Core dumps have been disabled. To enable core dumping, try "ulimit -c unlimited" before starting Java again
#

---------------  T H R E A D  ---------------

Current thread (0x00007ffbc4008800):  JavaThread "Unknown thread" [_thread_in_vm, id=2094, stack(0x00007ffbcbbe8000,0x00007ffbcbce9000)]

Stack: [0x00007ffbcbbe8000,0x00007ffbcbce9000],  sp=0x00007ffbcbce73c0,  free space=1020k
Native frames: (J=compiled Java code, j=interpreted, Vv=VM code, C=native code)
V  [libjvm.so+0x917f29]  JVM_handle_linux_signal+0x177939
V  [libjvm.so+0x467d44]  dlerror+0x467d44
V  [libjvm.so+0x79a9db]  JVM_FindSignal+0x18cf6b
V  [libjvm.so+0x79534f]  JVM_FindSignal+0x1878df
V  [libjvm.so+0x914f54]  JVM_handle_linux_signal+0x174964
V  [libjvm.so+0x53bc2b]  AsyncGetCallTrace+0x5653b
V  [libjvm.so+0x8c5523]  JVM_handle_linux_signal+0x124f33
V  [libjvm.so+0x53c729]  AsyncGetCallTrace+0x57039
V  [libjvm.so+0x52ebea]  AsyncGetCallTrace+0x494fa
V  [libjvm.so+0x8ea057]  JVM_handle_linux_signal+0x149a67
V  [libjvm.so+0x8ea387]  JVM_handle_linux_signal+0x149d97
V  [libjvm.so+0x575b45]  AsyncGetCallTrace+0x90455
V  [libjvm.so+0x8cd1df]  JVM_handle_linux_signal+0x12cbef
V  [libjvm.so+0x5df324]  JNI_CreateJavaVM+0x54
C  [libjli.so+0x2998]  getenv+0x2998


---------------  P R O C E S S  ---------------

Java Threads: ( => current thread )

Other Threads:

=>0x00007ffbc4008800 (exited) JavaThread "Unknown thread" [_thread_in_vm, id=2094, stack(0x00007ffbcbbe8000,0x00007ffbcbce9000)]

VM state:not at safepoint (not fully initialized)

VM Mutex/Monitor currently owned by a thread: None

GC Heap History (0 events):
No events

Deoptimization events (0 events):
No events

Internal exceptions (0 events):
No events

Events (0 events):
No events


Dynamic libraries:
00400000-00401000 r-xp 00000000 08:01 425365                             /usr/lib/jvm/java-7-openjdk/jre/bin/java
00600000-00601000 rw-p 00000000 08:01 425365                             /usr/lib/jvm/java-7-openjdk/jre/bin/java
014a8000-014c9000 rw-p 00000000 00:00 0                                  [heap]
d6600000-d6b30000 rw-p 00000000 00:00 0 
d6b30000-e0ca0000 rw-p 00000000 00:00 0 
e1710000-100000000 rw-p 00000000 00:00 0 
7ffbc1000000-7ffbc1270000 rwxp 00000000 00:00 0 
7ffbc1270000-7ffbc4022000 rw-p 00000000 00:00 0 
7ffbc4022000-7ffbc8000000 ---p 00000000 00:00 0 
7ffbc8d70000-7ffbc8d73000 rw-p 00000000 00:00 0 
7ffbc8d73000-7ffbc8ebd000 rw-p 00000000 00:00 0 
7ffbc8ebd000-7ffbc8ebe000 rw-p 00000000 00:00 0 
7ffbc8ebe000-7ffbc8ec6000 r-xp 00000000 08:01 425335                     /usr/lib/jvm/java-7-openjdk/jre/lib/amd64/libzip.so
7ffbc8ec6000-7ffbc90c5000 ---p 00008000 08:01 425335                     /usr/lib/jvm/java-7-openjdk/jre/lib/amd64/libzip.so
7ffbc90c5000-7ffbc90c6000 rw-p 00007000 08:01 425335                     /usr/lib/jvm/java-7-openjdk/jre/lib/amd64/libzip.so
7ffbc90c6000-7ffbc90d1000 r-xp 00000000 08:01 396511                     /usr/lib/libnss_files-2.19.so
7ffbc90d1000-7ffbc92d0000 ---p 0000b000 08:01 396511                     /usr/lib/libnss_files-2.19.so
7ffbc92d0000-7ffbc92d1000 r--p 0000a000 08:01 396511                     /usr/lib/libnss_files-2.19.so
7ffbc92d1000-7ffbc92d2000 rw-p 0000b000 08:01 396511                     /usr/lib/libnss_files-2.19.so
7ffbc92d2000-7ffbc92fd000 r-xp 00000000 08:01 425334                     /usr/lib/jvm/java-7-openjdk/jre/lib/amd64/libjava.so
7ffbc92fd000-7ffbc94fc000 ---p 0002b000 08:01 425334                     /usr/lib/jvm/java-7-openjdk/jre/lib/amd64/libjava.so
7ffbc94fc000-7ffbc94fe000 rw-p 0002a000 08:01 425334                     /usr/lib/jvm/java-7-openjdk/jre/lib/amd64/libjava.so
7ffbc94fe000-7ffbc950b000 r-xp 00000000 08:01 425333                     /usr/lib/jvm/java-7-openjdk/jre/lib/amd64/libverify.so
7ffbc950b000-7ffbc970a000 ---p 0000d000 08:01 425333                     /usr/lib/jvm/java-7-openjdk/jre/lib/amd64/libverify.so
7ffbc970a000-7ffbc970c000 rw-p 0000c000 08:01 425333                     /usr/lib/jvm/java-7-openjdk/jre/lib/amd64/libverify.so
7ffbc970c000-7ffbc9713000 r-xp 00000000 08:01 396512                     /usr/lib/librt-2.19.so
7ffbc9713000-7ffbc9912000 ---p 00007000 08:01 396512                     /usr/lib/librt-2.19.so
7ffbc9912000-7ffbc9913000 r--p 00006000 08:01 396512                     /usr/lib/librt-2.19.so
7ffbc9913000-7ffbc9914000 rw-p 00007000 08:01 396512                     /usr/lib/librt-2.19.so
7ffbc9914000-7ffbc9929000 r-xp 00000000 08:01 400689                     /usr/lib/libgcc_s.so.1
7ffbc9929000-7ffbc9b29000 ---p 00015000 08:01 400689                     /usr/lib/libgcc_s.so.1
7ffbc9b29000-7ffbc9b2a000 rw-p 00015000 08:01 400689                     /usr/lib/libgcc_s.so.1
7ffbc9b2a000-7ffbc9c2a000 r-xp 00000000 08:01 396474                     /usr/lib/libm-2.19.so
7ffbc9c2a000-7ffbc9e29000 ---p 00100000 08:01 396474                     /usr/lib/libm-2.19.so
7ffbc9e29000-7ffbc9e2a000 r--p 000ff000 08:01 396474                     /usr/lib/libm-2.19.so
7ffbc9e2a000-7ffbc9e2b000 rw-p 00100000 08:01 396474                     /usr/lib/libm-2.19.so
7ffbc9e2b000-7ffbc9f11000 r-xp 00000000 08:01 400698                     /usr/lib/libstdc++.so.6.0.19
7ffbc9f11000-7ffbca110000 ---p 000e6000 08:01 400698                     /usr/lib/libstdc++.so.6.0.19
7ffbca110000-7ffbca118000 r--p 000e5000 08:01 400698                     /usr/lib/libstdc++.so.6.0.19
7ffbca118000-7ffbca11a000 rw-p 000ed000 08:01 400698                     /usr/lib/libstdc++.so.6.0.19
7ffbca11a000-7ffbca12f000 rw-p 00000000 00:00 0 
7ffbca12f000-7ffbcac10000 r-xp 00000000 08:01 425364                     /usr/lib/jvm/java-7-openjdk/jre/lib/amd64/server/libjvm.so
7ffbcac10000-7ffbcae0f000 ---p 00ae1000 08:01 425364                     /usr/lib/jvm/java-7-openjdk/jre/lib/amd64/server/libjvm.so
7ffbcae0f000-7ffbcaec3000 rw-p 00ae0000 08:01 425364                     /usr/lib/jvm/java-7-openjdk/jre/lib/amd64/server/libjvm.so
7ffbcaec3000-7ffbcaef1000 rw-p 00000000 00:00 0 
7ffbcaef1000-7ffbcaf06000 r-xp 00000000 08:01 399511                     /usr/lib/libz.so.1.2.8
7ffbcaf06000-7ffbcb105000 ---p 00015000 08:01 399511                     /usr/lib/libz.so.1.2.8
7ffbcb105000-7ffbcb106000 r--p 00014000 08:01 399511                     /usr/lib/libz.so.1.2.8
7ffbcb106000-7ffbcb107000 rw-p 00015000 08:01 399511                     /usr/lib/libz.so.1.2.8
7ffbcb107000-7ffbcb2a5000 r-xp 00000000 08:01 396518                     /usr/lib/libc-2.19.so
7ffbcb2a5000-7ffbcb4a5000 ---p 0019e000 08:01 396518                     /usr/lib/libc-2.19.so
7ffbcb4a5000-7ffbcb4a9000 r--p 0019e000 08:01 396518                     /usr/lib/libc-2.19.so
7ffbcb4a9000-7ffbcb4ab000 rw-p 001a2000 08:01 396518                     /usr/lib/libc-2.19.so
7ffbcb4ab000-7ffbcb4af000 rw-p 00000000 00:00 0 
7ffbcb4af000-7ffbcb4b2000 r-xp 00000000 08:01 396483                     /usr/lib/libdl-2.19.so
7ffbcb4b2000-7ffbcb6b1000 ---p 00003000 08:01 396483                     /usr/lib/libdl-2.19.so
7ffbcb6b1000-7ffbcb6b2000 r--p 00002000 08:01 396483                     /usr/lib/libdl-2.19.so
7ffbcb6b2000-7ffbcb6b3000 rw-p 00003000 08:01 396483                     /usr/lib/libdl-2.19.so
7ffbcb6b3000-7ffbcb6c0000 r-xp 00000000 08:01 663553                     /usr/lib/jvm/java-7-openjdk/jre/lib/amd64/jli/libjli.so
7ffbcb6c0000-7ffbcb8bf000 ---p 0000d000 08:01 663553                     /usr/lib/jvm/java-7-openjdk/jre/lib/amd64/jli/libjli.so
7ffbcb8bf000-7ffbcb8c0000 rw-p 0000c000 08:01 663553                     /usr/lib/jvm/java-7-openjdk/jre/lib/amd64/jli/libjli.so
7ffbcb8c0000-7ffbcb8d8000 r-xp 00000000 08:01 396533                     /usr/lib/libpthread-2.19.so
7ffbcb8d8000-7ffbcbad7000 ---p 00018000 08:01 396533                     /usr/lib/libpthread-2.19.so
7ffbcbad7000-7ffbcbad8000 r--p 00017000 08:01 396533                     /usr/lib/libpthread-2.19.so
7ffbcbad8000-7ffbcbad9000 rw-p 00018000 08:01 396533                     /usr/lib/libpthread-2.19.so
7ffbcbad9000-7ffbcbadd000 rw-p 00000000 00:00 0 
7ffbcbadd000-7ffbcbafd000 r-xp 00000000 08:01 396502                     /usr/lib/ld-2.19.so
7ffbcbb28000-7ffbcbb32000 rw-p 00000000 00:00 0 
7ffbcbb32000-7ffbcbbe8000 rw-p 00000000 00:00 0 
7ffbcbbe8000-7ffbcbbeb000 ---p 00000000 00:00 0 
7ffbcbbeb000-7ffbcbced000 rw-p 00000000 00:00 0                          [stack:2094]
7ffbcbcf0000-7ffbcbcf2000 rw-p 00000000 00:00 0 
7ffbcbcf2000-7ffbcbcfa000 rw-s 00000000 00:1d 19081                      /tmp/hsperfdata_julppu/2093
7ffbcbcfa000-7ffbcbcfb000 rw-p 00000000 00:00 0 
7ffbcbcfb000-7ffbcbcfc000 r--p 00000000 00:00 0 
7ffbcbcfc000-7ffbcbcfd000 rw-p 00000000 00:00 0 
7ffbcbcfd000-7ffbcbcfe000 r--p 00020000 08:01 396502                     /usr/lib/ld-2.19.so
7ffbcbcfe000-7ffbcbcff000 rw-p 00021000 08:01 396502                     /usr/lib/ld-2.19.so
7ffbcbcff000-7ffbcbd00000 rw-p 00000000 00:00 0 
7fff6153a000-7fff6155b000 rw-p 00000000 00:00 0                          [stack]
7fff615fe000-7fff61600000 r-xp 00000000 00:00 0                          [vdso]
ffffffffff600000-ffffffffff601000 r-xp 00000000 00:00 0                  [vsyscall]

VM Arguments:
java_command: /home/julppu/dev/ohtu/ohtu-viikko2/viikko3/LoginEasyBv1/target/surefire/surefirebooter630538512430978863.jar /home/julppu/dev/ohtu/ohtu-viikko2/viikko3/LoginEasyBv1/target/surefire/surefire388391589123946323tmp /home/julppu/dev/ohtu/ohtu-viikko2/viikko3/LoginEasyBv1/target/surefire/surefire1684007834846670117tmp
Launcher Type: SUN_STANDARD

Environment Variables:
JAVA_HOME=/usr/lib/jvm/java-7-openjdk
PATH=/usr/local/sbin:/usr/local/bin:/usr/bin:/usr/bin/core_perl
LD_LIBRARY_PATH=/usr/lib/jvm/java-7-openjdk/bin/../jre/lib/amd64:/usr/lib/jvm/java-7-openjdk/bin/../jre/lib/i386:
SHELL=/bin/bash
DISPLAY=:0

Signal Handlers:
SIGSEGV: [libjvm.so+0x918a20], sa_mask[0]=0x7ffbfeff, sa_flags=0x10000004
SIGBUS: [libjvm.so+0x918a20], sa_mask[0]=0x7ffbfeff, sa_flags=0x10000004
SIGFPE: [libjvm.so+0x796090], sa_mask[0]=0x7ffbfeff, sa_flags=0x10000004
SIGPIPE: [libjvm.so+0x796090], sa_mask[0]=0x7ffbfeff, sa_flags=0x10000004
SIGXFSZ: [libjvm.so+0x796090], sa_mask[0]=0x7ffbfeff, sa_flags=0x10000004
SIGILL: [libjvm.so+0x796090], sa_mask[0]=0x7ffbfeff, sa_flags=0x10000004
SIGUSR1: SIG_IGN, sa_mask[0]=0x00000000, sa_flags=0x00000000
SIGUSR2: [libjvm.so+0x795f30], sa_mask[0]=0x00000004, sa_flags=0x10000004
SIGHUP: SIG_DFL, sa_mask[0]=0x00000000, sa_flags=0x00000000
SIGINT: SIG_IGN, sa_mask[0]=0x00000000, sa_flags=0x00000000
SIGTERM: SIG_DFL, sa_mask[0]=0x00000000, sa_flags=0x00000000
SIGQUIT: SIG_DFL, sa_mask[0]=0x00000000, sa_flags=0x00000000


---------------  S Y S T E M  ---------------

OS:Linux
uname:Linux 3.13.5-1-ARCH #1 SMP PREEMPT Sun Feb 23 00:25:24 CET 2014 x86_64
libc:glibc 2.19 NPTL 2.19 
rlimit: STACK 8192k, CORE 0k, NPROC 7943, NOFILE 4096, AS infinity
load average:1.67 0.62 0.51

/proc/meminfo:
MemTotal:        1022112 kB
MemFree:           65124 kB
Buffers:             744 kB
Cached:            19688 kB
SwapCached:            0 kB
Active:           893984 kB
Inactive:          16728 kB
Active(anon):     890776 kB
Inactive(anon):     5884 kB
Active(file):       3208 kB
Inactive(file):    10844 kB
Unevictable:           0 kB
Mlocked:               0 kB
SwapTotal:             0 kB
SwapFree:              0 kB
Dirty:               124 kB
Writeback:             0 kB
AnonPages:        890340 kB
Mapped:            13396 kB
Shmem:              6320 kB
Slab:              19040 kB
SReclaimable:      10336 kB
SUnreclaim:         8704 kB
KernelStack:        1544 kB
PageTables:         8620 kB
NFS_Unstable:          0 kB
Bounce:                0 kB
WritebackTmp:          0 kB
CommitLimit:      511056 kB
Committed_AS:    1391088 kB
VmallocTotal:   34359738367 kB
VmallocUsed:       19760 kB
VmallocChunk:   34359714295 kB
HardwareCorrupted:     0 kB
AnonHugePages:     57344 kB
HugePages_Total:       0
HugePages_Free:        0
HugePages_Rsvd:        0
HugePages_Surp:        0
Hugepagesize:       2048 kB
DirectMap4k:       14272 kB
DirectMap2M:     1034240 kB


CPU:total 1 (1 cores per cpu, 1 threads per core) family 6 model 42 stepping 7, cmov, cx8, fxsr, mmx, sse, sse2, sse3, ssse3, tsc

/proc/cpuinfo:
processor	: 0
vendor_id	: GenuineIntel
cpu family	: 6
model		: 42
model name	: Intel(R) Core(TM) i3-2330M CPU @ 2.20GHz
stepping	: 7
cpu MHz		: 2105.939
cache size	: 6144 KB
physical id	: 0
siblings	: 1
core id		: 0
cpu cores	: 1
apicid		: 0
initial apicid	: 0
fpu		: yes
fpu_exception	: yes
cpuid level	: 5
wp		: yes
flags		: fpu vme de pse tsc msr pae mce cx8 apic sep mtrr pge mca cmov pat pse36 clflush mmx fxsr sse sse2 syscall nx rdtscp lm constant_tsc rep_good nopl pni monitor ssse3 lahf_lm
bogomips	: 4213.37
clflush size	: 64
cache_alignment	: 64
address sizes	: 36 bits physical, 48 bits virtual
power management:



Memory: 4k page, physical 1022112k(65124k free), swap 0k(0k free)

vm_info: OpenJDK 64-Bit Server VM (24.51-b03) for linux-amd64 JRE (1.7.0_51-b31), built on Jan 29 2014 14:05:34 by "nobody" with gcc 4.8.2 20131219 (prerelease)

time: Sun Mar 30 21:41:59 2014
elapsed time: 1 seconds

